<?xml version="1.0" encoding="UTF-8" ?>
<testsuite tests="4" failures="0" name="OrdnerSystemTest" time="2.538" errors="0" skipped="0">
  <properties>
[...]
</properties>
  <testcase classname="OrdnerSystemTest" name="testInvalideDateiZuValideUndInvalideImInputOrdnerGeloescht" time="2.442"/>
  <testcase classname="OrdnerSystemTest" name="testKeinImporterOrdner" time="0.022"/>
  <testcase classname="OrdnerSystemTest" name="testSpeicherDokumentErfolgreich" time="0.025"/>
  <testcase classname="OrdnerSystemTest" name="testExceptionWirdAusgeloestDurchDuplikatInImportOrdner" time="0.049"/>
</testsuite>